2025-03-14 14:59:02,447 - INFO - logging in using static token
2025-03-14 14:59:04,239 - INFO - Shard ID 0 has sent the IDENTIFY payload.
2025-03-14 14:59:04,569 - INFO - Shard ID 0 has connected to Gateway: ["gateway-prd-us-east1-b-8spr",{"micros":81250,"calls":["id_created",{"micros":769,"calls":[]},"session_lookup_time",{"micros":3852,"calls":[]},"session_lookup_finished",{"micros":16,"calls":[]},"discord-sessions-prd-1-223",{"micros":76264,"calls":["start_session",{"micros":48899,"calls":["discord-api-rpc-8558b479bf-2vjfv",{"micros":40051,"calls":["get_user",{"micros":6048},"get_guilds",{"micros":3637},"send_scheduled_deletion_message",{"micros":7},"guild_join_requests",{"micros":590},"authorized_ip_coro",{"micros":8},"pending_payments",{"micros":471}]}]},"starting_guild_connect",{"micros":35,"calls":[]},"presence_started",{"micros":299,"calls":[]},"guilds_started",{"micros":90,"calls":[]},"lobbies_started",{"micros":1,"calls":[]},"guilds_connect",{"micros":2,"calls":[]},"presence_connect",{"micros":26915,"calls":[]},"connect_finished",{"micros":26920,"calls":[]},"build_ready",{"micros":17,"calls":[]},"clean_ready",{"micros":0,"calls":[]},"optimize_ready",{"micros":0,"calls":[]},"split_ready",{"micros":1,"calls":[]}]}]}] (Session ID: f5ad39eac948aa4b05a73ffa55bb6855, Resume URL: wss://gateway-us-east1-b.discord.gg).
2025-03-14 14:59:06,579 - INFO - Bot has started as [32mPine X Log#3179[39m ✅
2025-03-14 14:59:06,579 - INFO - Servering in 1
2025-03-14 14:59:06,579 - INFO - Shards: 1
2025-03-14 14:59:50,962 - INFO - Websocket closed with 1006, attempting a reconnect.
2025-03-14 14:59:50,963 - INFO - Got a request to RESUME the websocket at Shard ID 0.
2025-03-14 14:59:51,688 - INFO - Shard ID 0 has sent the RESUME payload.
2025-03-14 14:59:51,930 - INFO - Shard ID 0 has successfully RESUMED session f5ad39eac948aa4b05a73ffa55bb6855 under trace ["gateway-prd-us-east1-b-pwc9",{"micros":509,"calls":["id_created",{"micros":0,"calls":[]},"session_lookup_time",{"micros":211,"calls":[]},"session_lookup_finished",{"micros":13,"calls":[]},"discord-sessions-prd-1-223",{"micros":37}]}].
2025-03-14 15:01:01,482 - INFO - logging in using static token
2025-03-14 15:01:02,735 - INFO - Shard ID 0 has sent the IDENTIFY payload.
2025-03-14 15:01:03,429 - INFO - Shard ID 0 has connected to Gateway: ["gateway-prd-us-east1-d-tfqz",{"micros":437336,"calls":["id_created",{"micros":1387,"calls":[]},"session_lookup_time",{"micros":2315,"calls":[]},"session_lookup_finished",{"micros":11,"calls":[]},"discord-sessions-prd-1-87",{"micros":432368,"calls":["start_session",{"micros":387254,"calls":["discord-api-rpc-8558b479bf-sfnl7",{"micros":360467,"calls":["get_user",{"micros":71611},"get_guilds",{"micros":21267},"send_scheduled_deletion_message",{"micros":7},"guild_join_requests",{"micros":15284},"authorized_ip_coro",{"micros":8},"pending_payments",{"micros":8895}]}]},"starting_guild_connect",{"micros":34,"calls":[]},"presence_started",{"micros":24831,"calls":[]},"guilds_started",{"micros":99,"calls":[]},"lobbies_started",{"micros":1,"calls":[]},"guilds_connect",{"micros":2,"calls":[]},"presence_connect",{"micros":20127,"calls":[]},"connect_finished",{"micros":20131,"calls":[]},"build_ready",{"micros":16,"calls":[]},"clean_ready",{"micros":0,"calls":[]},"optimize_ready",{"micros":1,"calls":[]},"split_ready",{"micros":0,"calls":[]}]}]}] (Session ID: 695a6040b4522fa52da4baf77c13f82d, Resume URL: wss://gateway-us-east1-d.discord.gg).
2025-03-14 15:01:05,433 - INFO - Bot has started as [32mPine X Log#3179[39m ✅
2025-03-14 15:01:05,433 - INFO - Servering in 1
2025-03-14 15:01:05,433 - INFO - Shards: 1
2025-03-14 15:04:24,468 - INFO - logging in using static token
2025-03-14 15:04:25,790 - INFO - Shard ID 0 has sent the IDENTIFY payload.
2025-03-14 15:04:26,148 - INFO - Shard ID 0 has connected to Gateway: ["gateway-prd-us-east1-c-j83l",{"micros":101374,"calls":["id_created",{"micros":754,"calls":[]},"session_lookup_time",{"micros":227,"calls":[]},"session_lookup_finished",{"micros":21,"calls":[]},"discord-sessions-prd-1-113",{"micros":100152,"calls":["start_session",{"micros":72223,"calls":["discord-api-prd-canary-rpc-68d5647cc4-xlmqf",{"micros":65070,"calls":["get_user",{"micros":5316},"get_guilds",{"micros":2784},"send_scheduled_deletion_message",{"micros":6},"guild_join_requests",{"micros":351},"authorized_ip_coro",{"micros":2},"pending_payments",{"micros":1016}]}]},"starting_guild_connect",{"micros":35,"calls":[]},"presence_started",{"micros":16226,"calls":[]},"guilds_started",{"micros":96,"calls":[]},"lobbies_started",{"micros":1,"calls":[]},"guilds_connect",{"micros":2,"calls":[]},"presence_connect",{"micros":11545,"calls":[]},"connect_finished",{"micros":11549,"calls":[]},"build_ready",{"micros":19,"calls":[]},"clean_ready",{"micros":1,"calls":[]},"optimize_ready",{"micros":0,"calls":[]},"split_ready",{"micros":1,"calls":[]}]}]}] (Session ID: 54b064b9dd811b1b0dfb01b7d1ad1327, Resume URL: wss://gateway-us-east1-c.discord.gg).
2025-03-14 15:04:28,200 - INFO - Bot has started as [32mPine X Log#3179[39m ✅
2025-03-14 15:04:28,200 - INFO - Servering in 1
2025-03-14 15:04:28,200 - INFO - Shards: 1
2025-03-14 15:07:51,142 - INFO - logging in using static token
2025-03-14 15:07:52,475 - INFO - Shard ID 0 has sent the IDENTIFY payload.
2025-03-14 15:07:52,836 - INFO - Shard ID 0 has connected to Gateway: ["gateway-prd-us-east1-b-wtkx",{"micros":90825,"calls":["id_created",{"micros":827,"calls":[]},"session_lookup_time",{"micros":294,"calls":[]},"session_lookup_finished",{"micros":21,"calls":[]},"discord-sessions-prd-1-193",{"micros":89423,"calls":["start_session",{"micros":62433,"calls":["discord-api-rpc-8558b479bf-r8c48",{"micros":54249,"calls":["get_user",{"micros":9066},"get_guilds",{"micros":3335},"send_scheduled_deletion_message",{"micros":8},"guild_join_requests",{"micros":838},"authorized_ip_coro",{"micros":10},"pending_payments",{"micros":492}]}]},"starting_guild_connect",{"micros":35,"calls":[]},"presence_started",{"micros":26549,"calls":[]},"guilds_started",{"micros":131,"calls":[]},"lobbies_started",{"micros":2,"calls":[]},"guilds_connect",{"micros":2,"calls":[]},"presence_connect",{"micros":252,"calls":[]},"connect_finished",{"micros":256,"calls":[]},"build_ready",{"micros":14,"calls":[]},"clean_ready",{"micros":1,"calls":[]},"optimize_ready",{"micros":0,"calls":[]},"split_ready",{"micros":1,"calls":[]}]}]}] (Session ID: 094a7a955a5a6f21e7f969452018550e, Resume URL: wss://gateway-us-east1-b.discord.gg).
2025-03-14 15:07:54,877 - INFO - Bot has started as [32mPine X Log#3179[39m ✅
2025-03-14 15:07:54,877 - INFO - Servering in 1
2025-03-14 15:07:54,878 - INFO - Shards: 1
2025-03-14 15:18:55,233 - INFO - Websocket closed with 1006, attempting a reconnect.
2025-03-14 15:18:55,234 - INFO - Got a request to RESUME the websocket at Shard ID 0.
2025-03-14 15:18:55,779 - INFO - Shard ID 0 has sent the RESUME payload.
2025-03-14 15:18:56,048 - INFO - Shard ID 0 has successfully RESUMED session 094a7a955a5a6f21e7f969452018550e under trace ["gateway-prd-us-east1-b-0pwx",{"micros":5917,"calls":["id_created",{"micros":0,"calls":[]},"session_lookup_time",{"micros":297,"calls":[]},"session_lookup_finished",{"micros":12,"calls":[]},"discord-sessions-prd-1-193",{"micros":58}]}].
2025-03-14 15:32:57,042 - INFO - logging in using static token
2025-03-14 15:32:59,627 - INFO - Shard ID 0 has sent the IDENTIFY payload.
2025-03-14 15:33:00,025 - INFO - Shard ID 0 has connected to Gateway: ["gateway-prd-us-east1-d-trtx",{"micros":89554,"calls":["id_created",{"micros":699,"calls":[]},"session_lookup_time",{"micros":12877,"calls":[]},"session_lookup_finished",{"micros":16,"calls":[]},"discord-sessions-prd-1-279",{"micros":74660,"calls":["start_session",{"micros":45661,"calls":["discord-api-rpc-8558b479bf-xkjdg",{"micros":37825,"calls":["get_user",{"micros":5421},"get_guilds",{"micros":4566},"send_scheduled_deletion_message",{"micros":8},"guild_join_requests",{"micros":845},"authorized_ip_coro",{"micros":9},"pending_payments",{"micros":415}]}]},"starting_guild_connect",{"micros":43,"calls":[]},"presence_started",{"micros":10405,"calls":[]},"guilds_started",{"micros":101,"calls":[]},"lobbies_started",{"micros":1,"calls":[]},"guilds_connect",{"micros":1,"calls":[]},"presence_connect",{"micros":18412,"calls":[]},"connect_finished",{"micros":18418,"calls":[]},"build_ready",{"micros":27,"calls":[]},"clean_ready",{"micros":1,"calls":[]},"optimize_ready",{"micros":0,"calls":[]},"split_ready",{"micros":1,"calls":[]}]}]}] (Session ID: 2479f71ea9e71d0533168484364c8920, Resume URL: wss://gateway-us-east1-d.discord.gg).
2025-03-14 15:33:02,038 - INFO - Bot has started as [32mPine X Log#3179[39m ✅
2025-03-14 15:33:02,038 - INFO - Servering in 1
2025-03-14 15:33:02,038 - INFO - Shards: 1
2025-03-14 16:32:27,491 - INFO - logging in using static token
2025-03-14 16:32:28,818 - INFO - Shard ID 0 has sent the IDENTIFY payload.
2025-03-14 16:32:29,203 - INFO - Shard ID 0 has connected to Gateway: ["gateway-prd-us-east1-c-lxhh",{"micros":105354,"calls":["id_created",{"micros":1906,"calls":[]},"session_lookup_time",{"micros":6105,"calls":[]},"session_lookup_finished",{"micros":12,"calls":[]},"discord-sessions-prd-1-284",{"micros":96963,"calls":["start_session",{"micros":53592,"calls":["discord-api-rpc-8558b479bf-d9b2h",{"micros":44973,"calls":["get_user",{"micros":6232},"get_guilds",{"micros":4248},"send_scheduled_deletion_message",{"micros":6},"guild_join_requests",{"micros":1},"authorized_ip_coro",{"micros":24},"pending_payments",{"micros":380}]}]},"starting_guild_connect",{"micros":30,"calls":[]},"presence_started",{"micros":9396,"calls":[]},"guilds_started",{"micros":91,"calls":[]},"lobbies_started",{"micros":2,"calls":[]},"guilds_connect",{"micros":1,"calls":[]},"presence_connect",{"micros":33777,"calls":[]},"connect_finished",{"micros":33783,"calls":[]},"build_ready",{"micros":16,"calls":[]},"clean_ready",{"micros":47,"calls":[]},"optimize_ready",{"micros":1,"calls":[]},"split_ready",{"micros":3,"calls":[]}]}]}] (Session ID: 535c4dba1ac3b79fa7a91de1d48677e0, Resume URL: wss://gateway-us-east1-c.discord.gg).
2025-03-14 16:32:31,230 - INFO - Bot has started as [32mPine X Log#3179[39m ✅
2025-03-14 16:32:31,230 - INFO - Servering in 1
2025-03-14 16:32:31,230 - INFO - Shards: 1
